
Testing model: gemini-2.0-flash-exp
 FAILED: {"error":{"code":404,"message":"models/gemini-2.0-flash-exp is not found for API version v1beta, or is not supported for generateContent. Call ListModels to see the list of available models and their supported methods.","status":"NOT_FOUND"}}

Testing model: gemini-2.0-pro-exp-02-05
 FAILED: {"error":{"code":404,"message":"models/gemini-2.0-pro-exp-02-05 is not found for API version v1beta, or is not supported for generateContent. Call ListModels to see the list of available models and their supported methods.","status":"NOT_FOUND"}}
